nohup: ignoring input
Port: 4200
[0mGET / [32m200 [0m10.539 ms - 2132[0m
[0mGET /stylesheets/style.css [36m304 [0m1.394 ms - -[0m
[0mGET /images/background.jpg [36m304 [0m0.869 ms - -[0m
[0mGET / [36m304 [0m0.898 ms - -[0m
[0mGET /stylesheets/style.css [36m304 [0m0.317 ms - -[0m
[0mGET / [32m200 [0m2.596 ms - 2132[0m
[0mGET /stylesheets/style.css [32m200 [0m1.195 ms - 1649[0m
[0mGET /images/background.jpg [32m200 [0m1.066 ms - 67984[0m
[0mGET /favicon.ico [33m404 [0m333.493 ms - 1512[0m
[0mGET / [36m304 [0m0.885 ms - -[0m
[0mGET /stylesheets/style.css [32m200 [0m0.600 ms - 1649[0m
[0mGET /images/background.jpg [36m304 [0m0.373 ms - -[0m
[0mGET / [36m304 [0m0.984 ms - -[0m
[0mGET /stylesheets/style.css [32m200 [0m0.889 ms - 1649[0m
[0mGET /images/background.jpg [36m304 [0m0.511 ms - -[0m
[0mGET / [32m200 [0m1.001 ms - 2257[0m
[0mGET /stylesheets/style.css [36m304 [0m0.348 ms - -[0m
[0mGET /images/background.jpg [36m304 [0m0.370 ms - -[0m
[0mGET / [32m200 [0m2.727 ms - 2250[0m
[0mGET /stylesheets/style.css [36m304 [0m1.980 ms - -[0m
[0mGET /images/background.jpg [36m304 [0m0.365 ms - -[0m
In api route
{ q: 'Marcelo', sname: 'Kaitlin' }
https://love-calculator.p.mashape.com/getPercentage?fname=Marcelo&sname=Kaitlin
[0mGET /api?q=Marcelo&sname=Kaitlin [32m200 [0m288.129 ms - 80[0m
In api route
{ q: 'Marcelo', sname: 'Kaitlin' }
https://love-calculator.p.mashape.com/getPercentage?fname=Marcelo&sname=Kaitlin
[0mGET /api?q=Marcelo&sname=Kaitlin [32m200 [0m328.114 ms - 80[0m
In api route
{ q: 'Marcelo', sname: 'Kaitlin' }
https://love-calculator.p.mashape.com/getPercentage?fname=Marcelo&sname=Kaitlin
[0mGET /api?q=Marcelo&sname=Kaitlin [32m200 [0m364.630 ms - 80[0m
In api route
{ q: 'Marcelo', sname: 'Kaitlin' }
https://love-calculator.p.mashape.com/getPercentage?fname=Marcelo&sname=Kaitlin
[0mGET /api?q=Marcelo&sname=Kaitlin [32m200 [0m256.305 ms - 80[0m
In api route
{ q: 'Marcelo', sname: 'Kaitlin' }
https://love-calculator.p.mashape.com/getPercentage?fname=Marcelo&sname=Kaitlin
[0mGET /api?q=Marcelo&sname=Kaitlin [32m200 [0m264.209 ms - 80[0m
In api route
{ q: 'Andreia', sname: 'Joana' }
https://love-calculator.p.mashape.com/getPercentage?fname=Andreia&sname=Joana
[0mGET /api?q=Andreia&sname=Joana [32m200 [0m262.205 ms - 93[0m
[0mGET /favicon.ico [33m404 [0m37.144 ms - 1512[0m
[0mGET /images/background.jpg [36m304 [0m37.541 ms - -[0m
[0mGET /stylesheets/style.css [32m200 [0m40.072 ms - 1649[0m
[0mGET / [32m200 [0m40.815 ms - 2250[0m
In api route
{ q: 'A', sname: 'A' }
https://love-calculator.p.mashape.com/getPercentage?fname=A&sname=A
[0mGET /api?q=A&sname=A [32m200 [0m258.969 ms - 73[0m
In api route
{ q: 'A', sname: 'B' }
https://love-calculator.p.mashape.com/getPercentage?fname=A&sname=B
[0mGET /api?q=A&sname=B [32m200 [0m265.464 ms - 78[0m
In api route
{ q: 'A', sname: 'K' }
https://love-calculator.p.mashape.com/getPercentage?fname=A&sname=K
[0mGET /api?q=A&sname=K [32m200 [0m256.238 ms - 78[0m
In api route
{ q: 'A', sname: 'K' }
https://love-calculator.p.mashape.com/getPercentage?fname=A&sname=K
[0mGET /api?q=A&sname=K [32m200 [0m260.282 ms - 78[0m
In api route
{ q: 'A', sname: 'K' }
https://love-calculator.p.mashape.com/getPercentage?fname=A&sname=K
[0mGET /api?q=A&sname=K [32m200 [0m253.068 ms - 78[0m
[0mGET / [36m304 [0m0.524 ms - -[0m
[0mGET /stylesheets/style.css [36m304 [0m0.371 ms - -[0m
[0mGET /images/background.jpg [36m304 [0m0.289 ms - -[0m
[0mGET /favicon.ico [33m404 [0m50.478 ms - 1512[0m
[0mGET / [36m304 [0m0.507 ms - -[0m
[0mGET /stylesheets/style.css [36m304 [0m0.335 ms - -[0m
[0mGET /images/background.jpg [36m304 [0m0.280 ms - -[0m
